2023-02-22 15:05:08,785 ERROR s.SiteParser [ForkJoinPool-1-worker-1] Ошибка при обработке mailto:zakaz@playback.ru
2023-02-22 15:05:08,794 ERROR s.SiteParser [ForkJoinPool-1-worker-1] Only http & https protocols supported
2023-02-22 15:12:58,564 ERROR o.a.c.c.C.[.[.[.[dispatcherServlet] [http-nio-8080-exec-1] Servlet.service() for servlet [dispatcherServlet] in context with path [] threw exception [Request processing failed; nested exception is java.lang.RuntimeException: java.lang.RuntimeException: java.lang.RuntimeException] with root cause
java.lang.RuntimeException: null
	at searchengine.services.SiteParser.getUrl(SiteParser.java:76) ~[classes/:?]
	at searchengine.services.SiteParser.compute(SiteParser.java:46) ~[classes/:?]
	at searchengine.services.SiteParser.compute(SiteParser.java:21) ~[classes/:?]
	at java.util.concurrent.RecursiveTask.exec(RecursiveTask.java:95) ~[?:?]
	at java.util.concurrent.ForkJoinTask.doExec(ForkJoinTask.java:290) ~[?:?]
	at java.util.concurrent.ForkJoinTask.doJoin(ForkJoinTask.java:396) ~[?:?]
	at java.util.concurrent.ForkJoinTask.join(ForkJoinTask.java:721) ~[?:?]
	at searchengine.services.SiteParser.compute(SiteParser.java:55) ~[classes/:?]
	at searchengine.services.SiteParser.compute(SiteParser.java:21) ~[classes/:?]
	at java.util.concurrent.RecursiveTask.exec(RecursiveTask.java:95) ~[?:?]
	at java.util.concurrent.ForkJoinTask.doExec(ForkJoinTask.java:290) ~[?:?]
	at java.util.concurrent.ForkJoinPool.awaitJoin(ForkJoinPool.java:1717) ~[?:?]
	at java.util.concurrent.ForkJoinTask.doJoin(ForkJoinTask.java:397) ~[?:?]
	at java.util.concurrent.ForkJoinTask.join(ForkJoinTask.java:721) ~[?:?]
	at searchengine.services.SiteParser.compute(SiteParser.java:55) ~[classes/:?]
	at searchengine.services.SiteParser.compute(SiteParser.java:21) ~[classes/:?]
	at java.util.concurrent.RecursiveTask.exec(RecursiveTask.java:95) ~[?:?]
	at java.util.concurrent.ForkJoinTask.doExec(ForkJoinTask.java:290) ~[?:?]
	at java.util.concurrent.ForkJoinPool$WorkQueue.tryRemoveAndExec(ForkJoinPool.java:1063) ~[?:?]
	at java.util.concurrent.ForkJoinPool.awaitJoin(ForkJoinPool.java:1697) ~[?:?]
	at java.util.concurrent.ForkJoinTask.doJoin(ForkJoinTask.java:397) ~[?:?]
	at java.util.concurrent.ForkJoinTask.join(ForkJoinTask.java:721) ~[?:?]
	at searchengine.services.SiteParser.compute(SiteParser.java:55) ~[classes/:?]
	at searchengine.services.SiteParser.compute(SiteParser.java:21) ~[classes/:?]
	at java.util.concurrent.RecursiveTask.exec(RecursiveTask.java:95) ~[?:?]
	at java.util.concurrent.ForkJoinTask.doExec(ForkJoinTask.java:290) ~[?:?]
	at java.util.concurrent.ForkJoinPool$WorkQueue.tryRemoveAndExec(ForkJoinPool.java:1063) ~[?:?]
	at java.util.concurrent.ForkJoinPool.awaitJoin(ForkJoinPool.java:1697) ~[?:?]
	at java.util.concurrent.ForkJoinTask.doJoin(ForkJoinTask.java:397) ~[?:?]
	at java.util.concurrent.ForkJoinTask.join(ForkJoinTask.java:721) ~[?:?]
	at searchengine.services.SiteParser.compute(SiteParser.java:55) ~[classes/:?]
	at searchengine.services.SiteParser.compute(SiteParser.java:21) ~[classes/:?]
	at java.util.concurrent.RecursiveTask.exec(RecursiveTask.java:95) ~[?:?]
	at java.util.concurrent.ForkJoinTask.doExec(ForkJoinTask.java:290) ~[?:?]
	at java.util.concurrent.ForkJoinPool$WorkQueue.tryRemoveAndExec(ForkJoinPool.java:1063) ~[?:?]
	at java.util.concurrent.ForkJoinPool.awaitJoin(ForkJoinPool.java:1697) ~[?:?]
	at java.util.concurrent.ForkJoinTask.doJoin(ForkJoinTask.java:397) ~[?:?]
	at java.util.concurrent.ForkJoinTask.join(ForkJoinTask.java:721) ~[?:?]
	at searchengine.services.SiteParser.compute(SiteParser.java:55) ~[classes/:?]
	at searchengine.services.SiteParser.compute(SiteParser.java:21) ~[classes/:?]
	at java.util.concurrent.RecursiveTask.exec(RecursiveTask.java:95) ~[?:?]
	at java.util.concurrent.ForkJoinTask.doExec(ForkJoinTask.java:290) ~[?:?]
	at java.util.concurrent.ForkJoinPool$WorkQueue.topLevelExec(ForkJoinPool.java:1016) ~[?:?]
	at java.util.concurrent.ForkJoinPool.scan(ForkJoinPool.java:1665) ~[?:?]
	at java.util.concurrent.ForkJoinPool.runWorker(ForkJoinPool.java:1598) ~[?:?]
	at java.util.concurrent.ForkJoinWorkerThread.run(ForkJoinWorkerThread.java:183) ~[?:?]
